<?xml version="1.0" encoding="UTF-8"?>
<testsuite xmlns:xsi="http://www.w3.org/2001/XMLSchema-instance" xsi:noNamespaceSchemaLocation="https://maven.apache.org/surefire/maven-surefire-plugin/xsd/surefire-test-report-3.0.xsd" version="3.0" name="com.game.GameBoardTest" time="0.001" tests="7" errors="0" skipped="0" failures="0">
  <properties>
    <property name="java.specification.version" value="19"/>
    <property name="sun.cpu.isalist" value="amd64"/>
    <property name="sun.jnu.encoding" value="Cp1251"/>
    <property name="java.class.path" value="c:\Users\Andrey\Desktop\lab_sem3\coursach2\target\test-classes;c:\Users\Andrey\Desktop\lab_sem3\coursach2\target\classes;C:\Users\Andrey\.m2\repository\junit\junit\4.11\junit-4.11.jar;C:\Users\Andrey\.m2\repository\org\hamcrest\hamcrest-core\1.3\hamcrest-core-1.3.jar;"/>
    <property name="java.vm.vendor" value="Oracle Corporation"/>
    <property name="sun.arch.data.model" value="64"/>
    <property name="user.variant" value=""/>
    <property name="java.vendor.url" value="https://java.oracle.com/"/>
    <property name="user.timezone" value="Europe/Moscow"/>
    <property name="os.name" value="Windows 10"/>
    <property name="java.vm.specification.version" value="19"/>
    <property name="sun.java.launcher" value="SUN_STANDARD"/>
    <property name="user.country" value="RU"/>
    <property name="sun.boot.library.path" value="C:\Users\Andrey\.jdks\openjdk-19.0.2\bin"/>
    <property name="sun.java.command" value="C:\Users\Andrey\AppData\Local\Temp\surefire7471121670473414650\surefirebooter-20231220185000101_3.jar C:\Users\Andrey\AppData\Local\Temp\surefire7471121670473414650 2023-12-20T18-49-59_901-jvmRun1 surefire-20231220185000101_1tmp surefire_0-20231220185000101_2tmp"/>
    <property name="jdk.debug" value="release"/>
    <property name="surefire.test.class.path" value="c:\Users\Andrey\Desktop\lab_sem3\coursach2\target\test-classes;c:\Users\Andrey\Desktop\lab_sem3\coursach2\target\classes;C:\Users\Andrey\.m2\repository\junit\junit\4.11\junit-4.11.jar;C:\Users\Andrey\.m2\repository\org\hamcrest\hamcrest-core\1.3\hamcrest-core-1.3.jar;"/>
    <property name="sun.cpu.endian" value="little"/>
    <property name="user.home" value="C:\Users\Andrey"/>
    <property name="user.language" value="ru"/>
    <property name="java.specification.vendor" value="Oracle Corporation"/>
    <property name="java.version.date" value="2023-01-17"/>
    <property name="java.home" value="C:\Users\Andrey\.jdks\openjdk-19.0.2"/>
    <property name="file.separator" value="\"/>
    <property name="basedir" value="c:\Users\Andrey\Desktop\lab_sem3\coursach2"/>
    <property name="java.vm.compressedOopsMode" value="32-bit"/>
    <property name="line.separator" value="&#10;"/>
    <property name="java.vm.specification.vendor" value="Oracle Corporation"/>
    <property name="java.specification.name" value="Java Platform API Specification"/>
    <property name="surefire.real.class.path" value="C:\Users\Andrey\AppData\Local\Temp\surefire7471121670473414650\surefirebooter-20231220185000101_3.jar"/>
    <property name="user.script" value=""/>
    <property name="sun.management.compiler" value="HotSpot 64-Bit Tiered Compilers"/>
    <property name="java.runtime.version" value="19.0.2+7-44"/>
    <property name="user.name" value="Андрей"/>
    <property name="stdout.encoding" value="Cp1251"/>
    <property name="path.separator" value=";"/>
    <property name="os.version" value="10.0"/>
    <property name="java.runtime.name" value="OpenJDK Runtime Environment"/>
    <property name="file.encoding" value="UTF-8"/>
    <property name="java.vm.name" value="OpenJDK 64-Bit Server VM"/>
    <property name="localRepository" value="C:\Users\Andrey\.m2\repository"/>
    <property name="java.vendor.url.bug" value="https://bugreport.java.com/bugreport/"/>
    <property name="java.io.tmpdir" value="C:\Users\Andrey\AppData\Local\Temp\"/>
    <property name="java.version" value="19.0.2"/>
    <property name="user.dir" value="c:\Users\Andrey\Desktop\lab_sem3\coursach2"/>
    <property name="os.arch" value="amd64"/>
    <property name="java.vm.specification.name" value="Java Virtual Machine Specification"/>
    <property name="sun.os.patch.level" value=""/>
    <property name="native.encoding" value="Cp1251"/>
    <property name="java.library.path" value="C:\Users\Andrey\.jdks\openjdk-19.0.2\bin;C:\windows\Sun\Java\bin;C:\windows\system32;C:\windows;C:\Program Files (x86)\NVIDIA Corporation\PhysX\Common;C:\windows\system32;C:\windows;C:\windows\System32\Wbem;C:\windows\System32\WindowsPowerShell\v1.0\;C:\windows\System32\OpenSSH\;C:\Program Files\Git\cmd;C:\Program Files\Docker\Docker\resources\bin;C:\Users\Andrey\.jdks\openjdk-19.0.2\bin;C:\Program Files\Apache Software Foundation\apache-maven-3.9.5\bin;C:\Program Files\Apache Software Foundation\apache-maven-3.9.5\bin;C:\Users\Andrey\AppData\Local\Programs\Python\Python311\Scripts\;C:\Users\Andrey\AppData\Local\Programs\Python\Python311\;C:\Users\Andrey\AppData\Local\Programs\Python\Python310\Scripts\;C:\Users\Andrey\AppData\Local\Programs\Python\Python310\;C:\Users\Андрей\AppData\Local\Programs\Python\Python310\Scripts\;C:\Users\Андрей\AppData\Local\Programs\Python\Python310\;C:\Program Files\JetBrains\IntelliJ IDEA Community Edition 2022.3.1\jbr\bin;[existing entries..];C:\Users\Andrey\AppData\Local\Programs\Microsoft VS Code\bin;C:\Program Files\Apache Software Foundation\apache-maven-3.9.5\bin;;."/>
    <property name="java.vm.info" value="mixed mode, sharing"/>
    <property name="stderr.encoding" value="Cp1251"/>
    <property name="java.vendor" value="Oracle Corporation"/>
    <property name="java.vm.version" value="19.0.2+7-44"/>
    <property name="sun.io.unicode.encoding" value="UnicodeLittle"/>
    <property name="java.class.version" value="63.0"/>
  </properties>
  <testcase name="testCheckWinHorizontal" classname="com.game.GameBoardTest" time="0.0"/>
  <testcase name="testCheckWinDiagonal" classname="com.game.GameBoardTest" time="0.0"/>
  <testcase name="testInvalidMove" classname="com.game.GameBoardTest" time="0.0"/>
  <testcase name="testCheckWinVertical" classname="com.game.GameBoardTest" time="0.0"/>
  <testcase name="testMakeMove" classname="com.game.GameBoardTest" time="0.0"/>
  <testcase name="testCheckFull" classname="com.game.GameBoardTest" time="0.0"/>
  <testcase name="testInitialEmptyBoard" classname="com.game.GameBoardTest" time="0.0"/>
</testsuite>